C:\USERS\JACK\DOCUMENTS\VISUAL STUDIO 2012\PROJECTS\ROBOT VISION WINDOWS\ROBOT VISION WINDOWS\X64\RELEASE\ROBOT VISION.PCH
C:\USERS\JACK\DOCUMENTS\VISUAL STUDIO 2012\PROJECTS\ROBOT VISION WINDOWS\ROBOT VISION WINDOWS\X64\RELEASE\STDAFX.OBJ
C:\USERS\JACK\DOCUMENTS\VISUAL STUDIO 2012\PROJECTS\ROBOT VISION WINDOWS\ROBOT VISION WINDOWS\X64\RELEASE\VC110.PDB
C:\USERS\JACK\DOCUMENTS\VISUAL STUDIO 2012\PROJECTS\ROBOT VISION WINDOWS\ROBOT VISION WINDOWS\X64\RELEASE\ROBOT VISION WINDOWS.OBJ
C:\USERS\JACK\DOCUMENTS\VISUAL STUDIO 2012\PROJECTS\ROBOT VISION WINDOWS\ROBOT VISION WINDOWS\X64\RELEASE\STEREOVISION.OBJ
C:\USERS\JACK\DOCUMENTS\VISUAL STUDIO 2012\PROJECTS\ROBOT VISION WINDOWS\ROBOT VISION WINDOWS\X64\RELEASE\SIMULATOR.OBJ
C:\USERS\JACK\DOCUMENTS\VISUAL STUDIO 2012\PROJECTS\ROBOT VISION WINDOWS\ROBOT VISION WINDOWS\X64\RELEASE\PROGRAMLOG.OBJ
C:\USERS\JACK\DOCUMENTS\VISUAL STUDIO 2012\PROJECTS\ROBOT VISION WINDOWS\ROBOT VISION WINDOWS\X64\RELEASE\PATHPLANNING.OBJ
C:\USERS\JACK\DOCUMENTS\VISUAL STUDIO 2012\PROJECTS\ROBOT VISION WINDOWS\ROBOT VISION WINDOWS\X64\RELEASE\ASSEMBLYINFO.OBJ
C:\USERS\JACK\DOCUMENTS\VISUAL STUDIO 2012\PROJECTS\ROBOT VISION WINDOWS\ROBOT VISION WINDOWS\X64\RELEASE\.NETFRAMEWORK,VERSION=V4.5.ASSEMBLYATTRIBUTES.OBJ
C:\USERS\JACK\DOCUMENTS\VISUAL STUDIO 2012\PROJECTS\ROBOT VISION WINDOWS\X64\RELEASE\ROBOT VISION.EXE
C:\USERS\JACK\DOCUMENTS\VISUAL STUDIO 2012\PROJECTS\ROBOT VISION WINDOWS\X64\RELEASE\ROBOT VISION.PDB
C:\USERS\JACK\DOCUMENTS\VISUAL STUDIO 2012\PROJECTS\ROBOT VISION WINDOWS\ROBOT VISION WINDOWS\X64\RELEASE\METAGEN.WRITE.1.TLOG
C:\USERS\JACK\DOCUMENTS\VISUAL STUDIO 2012\PROJECTS\ROBOT VISION WINDOWS\ROBOT VISION WINDOWS\X64\RELEASE\APP.RES
C:\Users\Jack\documents\visual studio 2012\Projects\Robot Vision Windows\Robot Vision Windows\x64\Release\RobotVisionWindows.frmPortConfig.resources
C:\Users\Jack\documents\visual studio 2012\Projects\Robot Vision Windows\Robot Vision Windows\x64\Release\RobotVisionWindows.frmCameraProperties.resources
C:\Users\Jack\documents\visual studio 2012\Projects\Robot Vision Windows\Robot Vision Windows\x64\Release\RobotVisionWindows.ImageResource.resources
C:\Users\Jack\documents\visual studio 2012\Projects\Robot Vision Windows\Robot Vision Windows\x64\Release\RobotVisionWindows.MainForm.resources
C:\Users\Jack\documents\visual studio 2012\Projects\Robot Vision Windows\Robot Vision Windows\x64\Release\Robot Vision Windows.vcxproj.GenerateResource.Cache
C:\Users\Jack\documents\visual studio 2012\Projects\Robot Vision Windows\Robot Vision Windows\x64\Release\Robot Vision Windows.vcxprojResolveAssemblyReference.cache
C:\Users\Jack\documents\visual studio 2012\Projects\Robot Vision Windows\Robot Vision Windows\x64\Release\.NETFramework,Version=v4.5.AssemblyAttributes.obj
C:\Users\Jack\documents\visual studio 2012\Projects\Robot Vision Windows\Robot Vision Windows\x64\Release\AssemblyInfo.obj
C:\Users\Jack\documents\visual studio 2012\Projects\Robot Vision Windows\Robot Vision Windows\x64\Release\PathPlanning.obj
C:\Users\Jack\documents\visual studio 2012\Projects\Robot Vision Windows\Robot Vision Windows\x64\Release\ProgramLog.obj
C:\Users\Jack\documents\visual studio 2012\Projects\Robot Vision Windows\Robot Vision Windows\x64\Release\Robot Vision Windows.obj
C:\Users\Jack\documents\visual studio 2012\Projects\Robot Vision Windows\Robot Vision Windows\x64\Release\Simulator.obj
C:\Users\Jack\documents\visual studio 2012\Projects\Robot Vision Windows\Robot Vision Windows\x64\Release\stdafx.obj
C:\Users\Jack\documents\visual studio 2012\Projects\Robot Vision Windows\Robot Vision Windows\x64\Release\StereoVision.obj
C:\Users\Jack\documents\visual studio 2012\Projects\Robot Vision Windows\Robot Vision Windows\x64\Release\cl.command.1.tlog
C:\Users\Jack\documents\visual studio 2012\Projects\Robot Vision Windows\Robot Vision Windows\x64\Release\CL.read.1.tlog
C:\Users\Jack\documents\visual studio 2012\Projects\Robot Vision Windows\Robot Vision Windows\x64\Release\CL.write.1.tlog
C:\Users\Jack\documents\visual studio 2012\Projects\Robot Vision Windows\Robot Vision Windows\x64\Release\link-cvtres.read.1.tlog
C:\Users\Jack\documents\visual studio 2012\Projects\Robot Vision Windows\Robot Vision Windows\x64\Release\link-cvtres.write.1.tlog
C:\Users\Jack\documents\visual studio 2012\Projects\Robot Vision Windows\Robot Vision Windows\x64\Release\link-rc.read.1.tlog
C:\Users\Jack\documents\visual studio 2012\Projects\Robot Vision Windows\Robot Vision Windows\x64\Release\link-rc.write.1.tlog
C:\Users\Jack\documents\visual studio 2012\Projects\Robot Vision Windows\Robot Vision Windows\x64\Release\link.command.1.tlog
C:\Users\Jack\documents\visual studio 2012\Projects\Robot Vision Windows\Robot Vision Windows\x64\Release\link.read.1.tlog
C:\Users\Jack\documents\visual studio 2012\Projects\Robot Vision Windows\Robot Vision Windows\x64\Release\link.write.1.tlog
C:\Users\Jack\documents\visual studio 2012\Projects\Robot Vision Windows\Robot Vision Windows\x64\Release\metagen.read.1.tlog
C:\Users\Jack\documents\visual studio 2012\Projects\Robot Vision Windows\Robot Vision Windows\x64\Release\metagen.write.1.tlog
C:\Users\Jack\documents\visual studio 2012\Projects\Robot Vision Windows\Robot Vision Windows\x64\Release\rc.command.1.tlog
C:\Users\Jack\documents\visual studio 2012\Projects\Robot Vision Windows\Robot Vision Windows\x64\Release\rc.read.1.tlog
C:\Users\Jack\documents\visual studio 2012\Projects\Robot Vision Windows\Robot Vision Windows\x64\Release\rc.write.1.tlog
C:\Users\Jack\documents\visual studio 2012\Projects\Robot Vision Windows\Robot Vision Windows\x64\Release\Robot Vision Windows.write.1.tlog
C:\Users\Jack\documents\visual studio 2012\Projects\Robot Vision Windows\Robot Vision Windows\x64\Release\app.res
C:\Users\Jack\documents\visual studio 2012\Projects\Robot Vision Windows\Robot Vision Windows\x64\Release\Robot Vision.pch
C:\Users\Jack\documents\visual studio 2012\Projects\Robot Vision Windows\Robot Vision Windows\x64\Release\vc110.pdb
C:\Users\Jack\documents\visual studio 2012\Projects\Robot Vision Windows\Robot Vision Windows\x64\Release\MICROSOFT.VISUALBASIC.POWERPACKS.VS.DLL.metagen
C:\Users\Jack\documents\visual studio 2012\Projects\Robot Vision Windows\Robot Vision Windows\x64\Release\TZRES.DLL.bi
C:\Users\Jack\documents\visual studio 2012\Projects\Robot Vision Windows\x64\Release\Robot Vision.pdb
C:\Users\Jack\documents\visual studio 2012\Projects\Robot Vision Windows\x64\Release\Robot Vision.exe
